{"C:\\Users\\Utilisateur\\Documents\\module_test\\GildedRose-Refactoring-Kata\\js-jest\\src\\gilded_rose.js": {"path":"C:\\Users\\Utilisateur\\Documents\\module_test\\GildedRose-Refactoring-Kata\\js-jest\\src\\gilded_rose.js","statementMap":{"0":{"start":{"line":3,"column":4},"end":{"line":3,"column":21}},"1":{"start":{"line":4,"column":4},"end":{"line":4,"column":25}},"2":{"start":{"line":5,"column":4},"end":{"line":5,"column":27}},"3":{"start":{"line":11,"column":4},"end":{"line":11,"column":23}},"4":{"start":{"line":14,"column":4},"end":{"line":76,"column":5}},"5":{"start":{"line":14,"column":17},"end":{"line":14,"column":18}},"6":{"start":{"line":16,"column":6},"end":{"line":73,"column":7}},"7":{"start":{"line":17,"column":8},"end":{"line":44,"column":9}},"8":{"start":{"line":18,"column":10},"end":{"line":25,"column":11}},"9":{"start":{"line":19,"column":12},"end":{"line":24,"column":13}},"10":{"start":{"line":20,"column":14},"end":{"line":20,"column":64}},"11":{"start":{"line":23,"column":14},"end":{"line":23,"column":64}},"12":{"start":{"line":28,"column":10},"end":{"line":43,"column":11}},"13":{"start":{"line":29,"column":12},"end":{"line":29,"column":62}},"14":{"start":{"line":31,"column":12},"end":{"line":42,"column":13}},"15":{"start":{"line":32,"column":14},"end":{"line":36,"column":15}},"16":{"start":{"line":33,"column":16},"end":{"line":35,"column":17}},"17":{"start":{"line":34,"column":18},"end":{"line":34,"column":68}},"18":{"start":{"line":37,"column":14},"end":{"line":41,"column":15}},"19":{"start":{"line":38,"column":16},"end":{"line":40,"column":17}},"20":{"start":{"line":39,"column":18},"end":{"line":39,"column":68}},"21":{"start":{"line":46,"column":8},"end":{"line":48,"column":9}},"22":{"start":{"line":47,"column":10},"end":{"line":47,"column":58}},"23":{"start":{"line":50,"column":8},"end":{"line":72,"column":9}},"24":{"start":{"line":51,"column":10},"end":{"line":71,"column":11}},"25":{"start":{"line":52,"column":12},"end":{"line":66,"column":13}},"26":{"start":{"line":53,"column":14},"end":{"line":62,"column":15}},"27":{"start":{"line":54,"column":16},"end":{"line":61,"column":17}},"28":{"start":{"line":55,"column":18},"end":{"line":60,"column":19}},"29":{"start":{"line":56,"column":20},"end":{"line":56,"column":70}},"30":{"start":{"line":59,"column":20},"end":{"line":59,"column":70}},"31":{"start":{"line":65,"column":14},"end":{"line":65,"column":84}},"32":{"start":{"line":68,"column":12},"end":{"line":70,"column":13}},"33":{"start":{"line":69,"column":14},"end":{"line":69,"column":64}},"34":{"start":{"line":75,"column":6},"end":{"line":75,"column":24}},"35":{"start":{"line":80,"column":0},"end":{"line":83,"column":1}}},"fnMap":{"0":{"name":"(anonymous_0)","decl":{"start":{"line":2,"column":2},"end":{"line":2,"column":3}},"loc":{"start":{"line":2,"column":37},"end":{"line":6,"column":3}},"line":2},"1":{"name":"(anonymous_1)","decl":{"start":{"line":10,"column":2},"end":{"line":10,"column":3}},"loc":{"start":{"line":10,"column":26},"end":{"line":12,"column":3}},"line":10},"2":{"name":"(anonymous_2)","decl":{"start":{"line":13,"column":2},"end":{"line":13,"column":3}},"loc":{"start":{"line":13,"column":18},"end":{"line":77,"column":3}},"line":13}},"branchMap":{"0":{"loc":{"start":{"line":10,"column":14},"end":{"line":10,"column":24}},"type":"default-arg","locations":[{"start":{"line":10,"column":22},"end":{"line":10,"column":24}}],"line":10},"1":{"loc":{"start":{"line":16,"column":6},"end":{"line":73,"column":7}},"type":"if","locations":[{"start":{"line":16,"column":6},"end":{"line":73,"column":7}},{"start":{"line":16,"column":6},"end":{"line":73,"column":7}}],"line":16},"2":{"loc":{"start":{"line":16,"column":10},"end":{"line":16,"column":112}},"type":"binary-expr","locations":[{"start":{"line":16,"column":10},"end":{"line":16,"column":43}},{"start":{"line":16,"column":47},"end":{"line":16,"column":112}}],"line":16},"3":{"loc":{"start":{"line":17,"column":8},"end":{"line":44,"column":9}},"type":"if","locations":[{"start":{"line":17,"column":8},"end":{"line":44,"column":9}},{"start":{"line":17,"column":8},"end":{"line":44,"column":9}}],"line":17},"4":{"loc":{"start":{"line":18,"column":10},"end":{"line":25,"column":11}},"type":"if","locations":[{"start":{"line":18,"column":10},"end":{"line":25,"column":11}},{"start":{"line":18,"column":10},"end":{"line":25,"column":11}}],"line":18},"5":{"loc":{"start":{"line":19,"column":12},"end":{"line":24,"column":13}},"type":"if","locations":[{"start":{"line":19,"column":12},"end":{"line":24,"column":13}},{"start":{"line":19,"column":12},"end":{"line":24,"column":13}}],"line":19},"6":{"loc":{"start":{"line":28,"column":10},"end":{"line":43,"column":11}},"type":"if","locations":[{"start":{"line":28,"column":10},"end":{"line":43,"column":11}},{"start":{"line":28,"column":10},"end":{"line":43,"column":11}}],"line":28},"7":{"loc":{"start":{"line":31,"column":12},"end":{"line":42,"column":13}},"type":"if","locations":[{"start":{"line":31,"column":12},"end":{"line":42,"column":13}},{"start":{"line":31,"column":12},"end":{"line":42,"column":13}}],"line":31},"8":{"loc":{"start":{"line":32,"column":14},"end":{"line":36,"column":15}},"type":"if","locations":[{"start":{"line":32,"column":14},"end":{"line":36,"column":15}},{"start":{"line":32,"column":14},"end":{"line":36,"column":15}}],"line":32},"9":{"loc":{"start":{"line":33,"column":16},"end":{"line":35,"column":17}},"type":"if","locations":[{"start":{"line":33,"column":16},"end":{"line":35,"column":17}},{"start":{"line":33,"column":16},"end":{"line":35,"column":17}}],"line":33},"10":{"loc":{"start":{"line":37,"column":14},"end":{"line":41,"column":15}},"type":"if","locations":[{"start":{"line":37,"column":14},"end":{"line":41,"column":15}},{"start":{"line":37,"column":14},"end":{"line":41,"column":15}}],"line":37},"11":{"loc":{"start":{"line":38,"column":16},"end":{"line":40,"column":17}},"type":"if","locations":[{"start":{"line":38,"column":16},"end":{"line":40,"column":17}},{"start":{"line":38,"column":16},"end":{"line":40,"column":17}}],"line":38},"12":{"loc":{"start":{"line":46,"column":8},"end":{"line":48,"column":9}},"type":"if","locations":[{"start":{"line":46,"column":8},"end":{"line":48,"column":9}},{"start":{"line":46,"column":8},"end":{"line":48,"column":9}}],"line":46},"13":{"loc":{"start":{"line":50,"column":8},"end":{"line":72,"column":9}},"type":"if","locations":[{"start":{"line":50,"column":8},"end":{"line":72,"column":9}},{"start":{"line":50,"column":8},"end":{"line":72,"column":9}}],"line":50},"14":{"loc":{"start":{"line":51,"column":10},"end":{"line":71,"column":11}},"type":"if","locations":[{"start":{"line":51,"column":10},"end":{"line":71,"column":11}},{"start":{"line":51,"column":10},"end":{"line":71,"column":11}}],"line":51},"15":{"loc":{"start":{"line":52,"column":12},"end":{"line":66,"column":13}},"type":"if","locations":[{"start":{"line":52,"column":12},"end":{"line":66,"column":13}},{"start":{"line":52,"column":12},"end":{"line":66,"column":13}}],"line":52},"16":{"loc":{"start":{"line":53,"column":14},"end":{"line":62,"column":15}},"type":"if","locations":[{"start":{"line":53,"column":14},"end":{"line":62,"column":15}},{"start":{"line":53,"column":14},"end":{"line":62,"column":15}}],"line":53},"17":{"loc":{"start":{"line":54,"column":16},"end":{"line":61,"column":17}},"type":"if","locations":[{"start":{"line":54,"column":16},"end":{"line":61,"column":17}},{"start":{"line":54,"column":16},"end":{"line":61,"column":17}}],"line":54},"18":{"loc":{"start":{"line":55,"column":18},"end":{"line":60,"column":19}},"type":"if","locations":[{"start":{"line":55,"column":18},"end":{"line":60,"column":19}},{"start":{"line":55,"column":18},"end":{"line":60,"column":19}}],"line":55},"19":{"loc":{"start":{"line":68,"column":12},"end":{"line":70,"column":13}},"type":"if","locations":[{"start":{"line":68,"column":12},"end":{"line":70,"column":13}},{"start":{"line":68,"column":12},"end":{"line":70,"column":13}}],"line":68}},"s":{"0":2,"1":2,"2":2,"3":2,"4":2,"5":2,"6":2,"7":2,"8":2,"9":2,"10":0,"11":2,"12":0,"13":0,"14":0,"15":0,"16":0,"17":0,"18":0,"19":0,"20":0,"21":2,"22":2,"23":2,"24":1,"25":1,"26":1,"27":1,"28":1,"29":0,"30":1,"31":0,"32":0,"33":0,"34":2,"35":1},"f":{"0":2,"1":2,"2":2},"b":{"0":[0],"1":[2,0],"2":[2,2],"3":[2,0],"4":[2,0],"5":[0,2],"6":[0,0],"7":[0,0],"8":[0,0],"9":[0,0],"10":[0,0],"11":[0,0],"12":[2,0],"13":[1,1],"14":[1,0],"15":[1,0],"16":[1,0],"17":[1,0],"18":[0,1],"19":[0,0]},"_coverageSchema":"43e27e138ebf9cfc5966b082cf9a028302ed4184","hash":"f758eab596ac83958fb13d55645879277a915b30"}
}
