TN:
SF:C:\Users\Utilisateur\Documents\module_test\GildedRose-Refactoring-Kata\js-jest\src\gilded_rose.js
FN:2,(anonymous_0)
FN:10,(anonymous_1)
FN:13,(anonymous_2)
FNF:3
FNH:3
FNDA:2,(anonymous_0)
FNDA:2,(anonymous_1)
FNDA:2,(anonymous_2)
DA:3,2
DA:4,2
DA:5,2
DA:11,2
DA:14,2
DA:16,2
DA:17,2
DA:18,2
DA:19,2
DA:20,0
DA:23,2
DA:28,0
DA:29,0
DA:31,0
DA:32,0
DA:33,0
DA:34,0
DA:37,0
DA:38,0
DA:39,0
DA:46,2
DA:47,2
DA:50,2
DA:51,1
DA:52,1
DA:53,1
DA:54,1
DA:55,1
DA:56,0
DA:59,1
DA:65,0
DA:68,0
DA:69,0
DA:75,2
DA:80,1
LF:35
LH:21
BRDA:10,0,0,0
BRDA:16,1,0,2
BRDA:16,1,1,0
BRDA:16,2,0,2
BRDA:16,2,1,2
BRDA:17,3,0,2
BRDA:17,3,1,0
BRDA:18,4,0,2
BRDA:18,4,1,0
BRDA:19,5,0,0
BRDA:19,5,1,2
BRDA:28,6,0,0
BRDA:28,6,1,0
BRDA:31,7,0,0
BRDA:31,7,1,0
BRDA:32,8,0,0
BRDA:32,8,1,0
BRDA:33,9,0,0
BRDA:33,9,1,0
BRDA:37,10,0,0
BRDA:37,10,1,0
BRDA:38,11,0,0
BRDA:38,11,1,0
BRDA:46,12,0,2
BRDA:46,12,1,0
BRDA:50,13,0,1
BRDA:50,13,1,1
BRDA:51,14,0,1
BRDA:51,14,1,0
BRDA:52,15,0,1
BRDA:52,15,1,0
BRDA:53,16,0,1
BRDA:53,16,1,0
BRDA:54,17,0,1
BRDA:54,17,1,0
BRDA:55,18,0,0
BRDA:55,18,1,1
BRDA:68,19,0,0
BRDA:68,19,1,0
BRF:39
BRH:14
end_of_record
